0 info it worked if it ends with ok
1 verbose cli [ '/Users/joebar/.nvm/versions/node/v5.5.0/bin/node',
1 verbose cli   '/Users/joebar/.nvm/versions/node/v5.5.0/bin/npm',
1 verbose cli   'run',
1 verbose cli   'test' ]
2 info using npm@4.1.2
3 info using node@v5.5.0
4 verbose run-script [ 'pretest', 'test', 'posttest' ]
5 info lifecycle au-model@0.1.0~pretest: au-model@0.1.0
6 silly lifecycle au-model@0.1.0~pretest: no script for pretest, continuing
7 info lifecycle au-model@0.1.0~test: au-model@0.1.0
8 verbose lifecycle au-model@0.1.0~test: unsafe-perm in lifecycle true
9 verbose lifecycle au-model@0.1.0~test: PATH: /Users/joebar/.nvm/versions/node/v5.5.0/lib/node_modules/npm/bin/node-gyp-bin:/Users/joebar/coding/toolings/au-model/node_modules/.bin:/Users/joebar/anaconda2/bin:/opt/local/bin:/opt/local/sbin:~/Library/Python/2.7/bin:/Library/Frameworks/Python.framework/Versions/3.4/bin:/Users/joebar/.rvm/gems/ruby-2.3.3/bin:/Users/joebar/.rvm/gems/ruby-2.3.3@global/bin:/Users/joebar/.rvm/rubies/ruby-2.3.3/bin:/Users/joebar/.nvm/versions/node/v5.5.0/bin:/usr/local/heroku/bin:/usr/local/bin:/usr/bin:/bin:/usr/sbin:/sbin:/usr/local/go/bin:/usr/local/MacGPG2/bin:/usr/local/git/bin:/Users/joebar/.rvm/bin:/Users/joebar/.nvm:/Users/joebar/.rvm/bin:/Users/joebar/go/bin:/usr/local/sbin
10 verbose lifecycle au-model@0.1.0~test: CWD: /Users/joebar/coding/toolings/au-model
11 silly lifecycle au-model@0.1.0~test: Args: [ '-c', 'node tests/test-runner.js' ]
12 silly lifecycle au-model@0.1.0~test: Returned: code: 1  signal: null
13 info lifecycle au-model@0.1.0~test: Failed to exec test script
14 verbose stack Error: au-model@0.1.0 test: `node tests/test-runner.js`
14 verbose stack Exit status 1
14 verbose stack     at EventEmitter.<anonymous> (/Users/joebar/.nvm/versions/node/v5.5.0/lib/node_modules/npm/lib/utils/lifecycle.js:279:16)
14 verbose stack     at emitTwo (events.js:100:13)
14 verbose stack     at EventEmitter.emit (events.js:185:7)
14 verbose stack     at ChildProcess.<anonymous> (/Users/joebar/.nvm/versions/node/v5.5.0/lib/node_modules/npm/lib/utils/spawn.js:40:14)
14 verbose stack     at emitTwo (events.js:100:13)
14 verbose stack     at ChildProcess.emit (events.js:185:7)
14 verbose stack     at maybeClose (internal/child_process.js:821:16)
14 verbose stack     at Process.ChildProcess._handle.onexit (internal/child_process.js:211:5)
15 verbose pkgid au-model@0.1.0
16 verbose cwd /Users/joebar/coding/toolings/au-model
17 error Darwin 17.3.0
18 error argv "/Users/joebar/.nvm/versions/node/v5.5.0/bin/node" "/Users/joebar/.nvm/versions/node/v5.5.0/bin/npm" "run" "test"
19 error node v5.5.0
20 error npm  v4.1.2
21 error code ELIFECYCLE
22 error au-model@0.1.0 test: `node tests/test-runner.js`
22 error Exit status 1
23 error Failed at the au-model@0.1.0 test script 'node tests/test-runner.js'.
23 error Make sure you have the latest version of node.js and npm installed.
23 error If you do, this is most likely a problem with the au-model package,
23 error not with npm itself.
23 error Tell the author that this fails on your system:
23 error     node tests/test-runner.js
23 error You can get information on how to open an issue for this project with:
23 error     npm bugs au-model
23 error Or if that isn't available, you can get their info via:
23 error     npm owner ls au-model
23 error There is likely additional logging output above.
24 verbose exit [ 1, true ]
